<?xml version="1.0" encoding="UTF-8"?>
<testsuite name="com.example.pr11.Pr11ApplicationTests" tests="1" skipped="0" failures="0" errors="0" timestamp="2024-05-04T01:26:26" hostname="LAPTOP-4FDHRABC" time="4.46">
  <properties/>
  <testcase name="contextLoads()" classname="com.example.pr11.Pr11ApplicationTests" time="4.46"/>
  <system-out><![CDATA[04:26:21.152 [Test worker] INFO org.springframework.test.context.support.AnnotationConfigContextLoaderUtils -- Could not detect default configuration classes for test class [com.example.pr11.Pr11ApplicationTests]: Pr11ApplicationTests does not declare any static, non-private, non-final, nested classes annotated with @Configuration.
04:26:21.401 [Test worker] INFO org.springframework.boot.test.context.SpringBootTestContextBootstrapper -- Found @SpringBootConfiguration com.example.pr11.Pr11Application for test class com.example.pr11.Pr11ApplicationTests

  .   ____          _            __ _ _
 /\\ / ___'_ __ _ _(_)_ __  __ _ \ \ \ \
( ( )\___ | '_ | '_| | '_ \/ _` | \ \ \ \
 \\/  ___)| |_)| | | | | || (_| |  ) ) ) )
  '  |____| .__|_| |_|_| |_\__, | / / / /
 =========|_|==============|___/=/_/_/_/
 :: Spring Boot ::                (v3.2.4)

2024-05-04T04:26:22.202+03:00  INFO 13460 --- [pr11] [    Test worker] com.example.pr11.Pr11ApplicationTests    : Starting Pr11ApplicationTests using Java 17.0.11 with PID 13460 (started by nadia in C:\Android\JavaPattern\pr11)
2024-05-04T04:26:22.206+03:00  INFO 13460 --- [pr11] [    Test worker] com.example.pr11.Pr11ApplicationTests    : No active profile set, falling back to 1 default profile: "default"
2024-05-04T04:26:25.763+03:00  INFO 13460 --- [pr11] [    Test worker] o.s.b.a.e.web.EndpointLinksResolver      : Exposing 1 endpoint(s) beneath base path '/actuator'
2024-05-04T04:26:25.942+03:00  INFO 13460 --- [pr11] [    Test worker] com.example.pr11.Pr11ApplicationTests    : Started Pr11ApplicationTests in 4.221 seconds (process running for 6.941)
]]></system-out>
  <system-err><![CDATA[]]></system-err>
</testsuite>
